{"name": "test_create_account_by_providing_all_fields", "status": "broken", "statusDetails": {"message": "selenium.common.exceptions.NoSuchElementException: Message: no such element: Unable to locate element: {\"method\":\"xpath\",\"selector\":\"//h1[normalize-space()='Your Account Has Been Created!']\"}\n  (Session info: chrome=136.0.7103.116); For documentation on this error, please visit: https://www.selenium.dev/documentation/webdriver/troubleshooting/errors#no-such-element-exception\nStacktrace:\n0   chromedriver                        0x0000000100f8ee10 cxxbridge1$str$ptr + 2817040\n1   chromedriver                        0x0000000100f870ac cxxbridge1$str$ptr + 2784940\n2   chromedriver                        0x0000000100ace8d8 cxxbridge1$string$len + 93028\n3   chromedriver                        0x0000000100b156a0 cxxbridge1$string$len + 383276\n4   chromedriver                        0x0000000100b567b8 cxxbridge1$string$len + 649796\n5   chromedriver                        0x0000000100b09a80 cxxbridge1$string$len + 335116\n6   chromedriver                        0x0000000100f53c98 cxxbridge1$str$ptr + 2575000\n7   chromedriver                        0x0000000100f56f64 cxxbridge1$str$ptr + 2588004\n8   chromedriver                        0x0000000100f33a20 cxxbridge1$str$ptr + 2443296\n9   chromedriver                        0x0000000100f577e0 cxxbridge1$str$ptr + 2590176\n10  chromedriver                        0x0000000100f24b14 cxxbridge1$str$ptr + 2382100\n11  chromedriver                        0x0000000100f779c4 cxxbridge1$str$ptr + 2721732\n12  chromedriver                        0x0000000100f77b50 cxxbridge1$str$ptr + 2722128\n13  chromedriver                        0x0000000100f86cf8 cxxbridge1$str$ptr + 2783992\n14  libsystem_pthread.dylib             0x000000019674ac0c _pthread_start + 136\n15  libsystem_pthread.dylib             0x0000000196745b80 thread_start + 8", "trace": "self = <tutorialsninja.test_Register.TestRegister object at 0x106918050>\n\n    def test_create_account_by_providing_all_fields(self):\n        self.driver.find_element(By.XPATH, \"//span[normalize-space()='My Account']\").click()\n        self.driver.find_element(By.XPATH, \"//a[normalize-space()='Register']\").click()\n        self.driver.find_element(By.XPATH, \"//input[@id='input-firstname']\").send_keys(random_string())\n        self.driver.find_element(By.XPATH, \"//input[@id='input-lastname']\").send_keys(random_string())\n        self.driver.find_element(By.XPATH, \"//input[@id='input-email']\").send_keys(random_string() + \"@gmail.com\")\n        self.driver.find_element(By.XPATH, \"//input[@id='input-telephone']\").send_keys(random_numeric())\n        self.driver.find_element(By.XPATH, \"//input[@id='input-password']\").send_keys(\"12345\")\n        self.driver.find_element(By.XPATH, \"//input[@id='input-confirm']\").send_keys(\"12345\")\n        self.driver.find_element(By.XPATH, \"//label[normalize-space()='Yes']//input[@name='newsletter']\").click()\n        self.driver.find_element(By.XPATH, \"//input[@name='agree']\").click()\n        self.driver.find_element(By.XPATH, \"//input[@value='Continue']\").click()\n        expected_message = \"Your Account Has Been Created!'\"\n>       actual_message = self.driver.find_element(By.XPATH,\n                                                  \"//h1[normalize-space()='Your Account Has Been Created!']\").text\n\ntutorialsninja/test_Register.py:66: \n_ _ _ _ _ _ _ _ _ _ _ _ _ _ _ _ _ _ _ _ _ _ _ _ _ _ _ _ _ _ _ _ _ _ _ _\n.venv/lib/python3.13/site-packages/selenium/webdriver/remote/webdriver.py:917: in find_element\n    return self.execute(Command.FIND_ELEMENT, {\"using\": by, \"value\": value})[\"value\"]\n.venv/lib/python3.13/site-packages/selenium/webdriver/remote/webdriver.py:448: in execute\n    self.error_handler.check_response(response)\n_ _ _ _ _ _ _ _ _ _ _ _ _ _ _ _ _ _ _ _ _ _ _ _ _ _ _ _ _ _ _ _ _ _ _ _\n\nself = <selenium.webdriver.remote.errorhandler.ErrorHandler object at 0x1068b7e30>\nresponse = {'status': 404, 'value': '{\"value\":{\"error\":\"no such element\",\"message\":\"no such element: Unable to locate element: {\\...00019674ac0c _pthread_start + 136\\\\n15  libsystem_pthread.dylib             0x0000000196745b80 thread_start + 8\\\\n\"}}'}\n\n    def check_response(self, response: Dict[str, Any]) -> None:\n        \"\"\"Checks that a JSON response from the WebDriver does not have an\n        error.\n    \n        :Args:\n         - response - The JSON response from the WebDriver server as a dictionary\n           object.\n    \n        :Raises: If the response contains an error message.\n        \"\"\"\n        status = response.get(\"status\", None)\n        if not status or status == ErrorCode.SUCCESS:\n            return\n        value = None\n        message = response.get(\"message\", \"\")\n        screen: str = response.get(\"screen\", \"\")\n        stacktrace = None\n        if isinstance(status, int):\n            value_json = response.get(\"value\", None)\n            if value_json and isinstance(value_json, str):\n                import json\n    \n                try:\n                    value = json.loads(value_json)\n                    if len(value) == 1:\n                        value = value[\"value\"]\n                    status = value.get(\"error\", None)\n                    if not status:\n                        status = value.get(\"status\", ErrorCode.UNKNOWN_ERROR)\n                        message = value.get(\"value\") or value.get(\"message\")\n                        if not isinstance(message, str):\n                            value = message\n                            message = message.get(\"message\")\n                    else:\n                        message = value.get(\"message\", None)\n                except ValueError:\n                    pass\n    \n        exception_class: Type[WebDriverException]\n        e = ErrorCode()\n        error_codes = [item for item in dir(e) if not item.startswith(\"__\")]\n        for error_code in error_codes:\n            error_info = getattr(ErrorCode, error_code)\n            if isinstance(error_info, list) and status in error_info:\n                exception_class = getattr(ExceptionMapping, error_code, WebDriverException)\n                break\n        else:\n            exception_class = WebDriverException\n    \n        if not value:\n            value = response[\"value\"]\n        if isinstance(value, str):\n            raise exception_class(value)\n        if message == \"\" and \"message\" in value:\n            message = value[\"message\"]\n    \n        screen = None  # type: ignore[assignment]\n        if \"screen\" in value:\n            screen = value[\"screen\"]\n    \n        stacktrace = None\n        st_value = value.get(\"stackTrace\") or value.get(\"stacktrace\")\n        if st_value:\n            if isinstance(st_value, str):\n                stacktrace = st_value.split(\"\\n\")\n            else:\n                stacktrace = []\n                try:\n                    for frame in st_value:\n                        line = frame.get(\"lineNumber\", \"\")\n                        file = frame.get(\"fileName\", \"<anonymous>\")\n                        if line:\n                            file = f\"{file}:{line}\"\n                        meth = frame.get(\"methodName\", \"<anonymous>\")\n                        if \"className\" in frame:\n                            meth = f\"{frame['className']}.{meth}\"\n                        msg = \"    at %s (%s)\"\n                        msg = msg % (meth, file)\n                        stacktrace.append(msg)\n                except TypeError:\n                    pass\n        if exception_class == UnexpectedAlertPresentException:\n            alert_text = None\n            if \"data\" in value:\n                alert_text = value[\"data\"].get(\"text\")\n            elif \"alert\" in value:\n                alert_text = value[\"alert\"].get(\"text\")\n            raise exception_class(message, screen, stacktrace, alert_text)  # type: ignore[call-arg]  # mypy is not smart enough here\n>       raise exception_class(message, screen, stacktrace)\nE       selenium.common.exceptions.NoSuchElementException: Message: no such element: Unable to locate element: {\"method\":\"xpath\",\"selector\":\"//h1[normalize-space()='Your Account Has Been Created!']\"}\nE         (Session info: chrome=136.0.7103.116); For documentation on this error, please visit: https://www.selenium.dev/documentation/webdriver/troubleshooting/errors#no-such-element-exception\nE       Stacktrace:\nE       0   chromedriver                        0x0000000100f8ee10 cxxbridge1$str$ptr + 2817040\nE       1   chromedriver                        0x0000000100f870ac cxxbridge1$str$ptr + 2784940\nE       2   chromedriver                        0x0000000100ace8d8 cxxbridge1$string$len + 93028\nE       3   chromedriver                        0x0000000100b156a0 cxxbridge1$string$len + 383276\nE       4   chromedriver                        0x0000000100b567b8 cxxbridge1$string$len + 649796\nE       5   chromedriver                        0x0000000100b09a80 cxxbridge1$string$len + 335116\nE       6   chromedriver                        0x0000000100f53c98 cxxbridge1$str$ptr + 2575000\nE       7   chromedriver                        0x0000000100f56f64 cxxbridge1$str$ptr + 2588004\nE       8   chromedriver                        0x0000000100f33a20 cxxbridge1$str$ptr + 2443296\nE       9   chromedriver                        0x0000000100f577e0 cxxbridge1$str$ptr + 2590176\nE       10  chromedriver                        0x0000000100f24b14 cxxbridge1$str$ptr + 2382100\nE       11  chromedriver                        0x0000000100f779c4 cxxbridge1$str$ptr + 2721732\nE       12  chromedriver                        0x0000000100f77b50 cxxbridge1$str$ptr + 2722128\nE       13  chromedriver                        0x0000000100f86cf8 cxxbridge1$str$ptr + 2783992\nE       14  libsystem_pthread.dylib             0x000000019674ac0c _pthread_start + 136\nE       15  libsystem_pthread.dylib             0x0000000196745b80 thread_start + 8\n\n.venv/lib/python3.13/site-packages/selenium/webdriver/remote/errorhandler.py:232: NoSuchElementException"}, "attachments": [{"name": "log", "source": "24fbcc75-fdb1-4580-9f6d-31460d5c70f3-attachment.txt", "type": "text/plain"}], "start": 1748580765901, "stop": 1748580767281, "uuid": "5301aac9-419b-40fb-8e7b-d6f1ec53a5ab", "historyId": "51d35329b9c6844f5705e90fbd648344", "testCaseId": "51d35329b9c6844f5705e90fbd648344", "fullName": "tutorialsninja.test_Register.TestRegister#test_create_account_by_providing_all_fields", "labels": [{"name": "tag", "value": "@pytest.mark.usefixtures('setup_and_teardown', 'log_on_failure')"}, {"name": "parentSuite", "value": "tutorialsninja"}, {"name": "suite", "value": "test_Register"}, {"name": "subSuite", "value": "TestRegister"}, {"name": "host", "value": "Macmini"}, {"name": "thread", "value": "1923-MainThread"}, {"name": "framework", "value": "pytest"}, {"name": "language", "value": "cpython3"}, {"name": "package", "value": "tutorialsninja.test_Register"}]}